  AllObject.cpp
  Camera.cpp
  CollisonCompoenet.cpp
  CompanentManager.cpp
  E_Component.cpp
  EventList1.cpp
  GameData.cpp
  GameExit.cpp
  GameObject.cpp
  InputComponenet.cpp
D:\VisualStudio2022\winapiProject\winapiProject\InputComponenet.cpp(29,40): warning C4244: '인수': 'LONG'에서 'float'(으)로 변환하면서 데이터가 손실될 수 있습니다.
D:\VisualStudio2022\winapiProject\winapiProject\InputComponenet.cpp(29,27): warning C4244: '인수': 'LONG'에서 'float'(으)로 변환하면서 데이터가 손실될 수 있습니다.
  InputManager.cpp
  KeyInputComponent.cpp
D:\VisualStudio2022\winapiProject\winapiProject\KeyInputComponent.cpp(29,8): warning C4101: 'tempPoint' :참조되지 않은 지역 변수입니다.
  KeyInputManager.cpp
  LevelLoader.cpp
D:\VisualStudio2022\winapiProject\winapiProject\LevelLoader.cpp(250,43): warning C4244: '인수': 'int'에서 'float'(으)로 변환하면서 데이터가 손실될 수 있습니다.
D:\VisualStudio2022\winapiProject\winapiProject\LevelLoader.cpp(250,40): warning C4244: '인수': 'int'에서 'float'(으)로 변환하면서 데이터가 손실될 수 있습니다.
D:\VisualStudio2022\winapiProject\winapiProject\LevelLoader.cpp(269,78): warning C4244: '인수': 'int'에서 'float'(으)로 변환하면서 데이터가 손실될 수 있습니다.
D:\VisualStudio2022\winapiProject\winapiProject\LevelLoader.cpp(269,75): warning C4244: '인수': 'int'에서 'float'(으)로 변환하면서 데이터가 손실될 수 있습니다.
D:\VisualStudio2022\winapiProject\winapiProject\LevelLoader.cpp(344,76): warning C4244: '인수': 'int'에서 'const float'(으)로 변환하면서 데이터가 손실될 수 있습니다.
D:\VisualStudio2022\winapiProject\winapiProject\LevelLoader.cpp(344,69): warning C4244: '인수': 'int'에서 'const float'(으)로 변환하면서 데이터가 손실될 수 있습니다.
  LineScript.cpp
D:\VisualStudio2022\winapiProject\winapiProject\LineScript.cpp(88,9): warning C4244: '초기화 중': 'float'에서 'int'(으)로 변환하면서 데이터가 손실될 수 있습니다.
D:\VisualStudio2022\winapiProject\winapiProject\LineScript.cpp(89,9): warning C4244: '초기화 중': 'float'에서 'int'(으)로 변환하면서 데이터가 손실될 수 있습니다.
D:\VisualStudio2022\winapiProject\winapiProject\LineScript.cpp(90,9): warning C4244: '초기화 중': 'float'에서 'int'(으)로 변환하면서 데이터가 손실될 수 있습니다.
D:\VisualStudio2022\winapiProject\winapiProject\LineScript.cpp(91,9): warning C4244: '초기화 중': 'float'에서 'int'(으)로 변환하면서 데이터가 손실될 수 있습니다.
D:\VisualStudio2022\winapiProject\winapiProject\LineScript.cpp(95,18): warning C4244: '초기화 중': 'double'에서 'float'(으)로 변환하면서 데이터가 손실될 수 있습니다.
D:\VisualStudio2022\winapiProject\winapiProject\LineScript.cpp(96,18): warning C4244: '초기화 중': 'double'에서 'int'(으)로 변환하면서 데이터가 손실될 수 있습니다.
D:\VisualStudio2022\winapiProject\winapiProject\LineScript.cpp(101,33): warning C4244: '인수': 'int'에서 'float'(으)로 변환하면서 데이터가 손실될 수 있습니다.
D:\VisualStudio2022\winapiProject\winapiProject\LineScript.cpp(101,29): warning C4244: '인수': 'int'에서 'float'(으)로 변환하면서 데이터가 손실될 수 있습니다.
D:\VisualStudio2022\winapiProject\winapiProject\LineScript.cpp(107,29): warning C4244: '인수': 'int'에서 'const float'(으)로 변환하면서 데이터가 손실될 수 있습니다.
  Main.cpp
  Math.cpp
D:\VisualStudio2022\winapiProject\winapiProject\Math.cpp(12,19): warning C4244: '초기화 중': 'int'에서 'float'(으)로 변환하면서 데이터가 손실될 수 있습니다.
D:\VisualStudio2022\winapiProject\winapiProject\Math.cpp(13,19): warning C4244: '초기화 중': 'int'에서 'float'(으)로 변환하면서 데이터가 손실될 수 있습니다.
D:\VisualStudio2022\winapiProject\winapiProject\Math.cpp(24,19): warning C4244: '초기화 중': 'int'에서 'float'(으)로 변환하면서 데이터가 손실될 수 있습니다.
D:\VisualStudio2022\winapiProject\winapiProject\Math.cpp(25,19): warning C4244: '초기화 중': 'int'에서 'float'(으)로 변환하면서 데이터가 손실될 수 있습니다.
D:\VisualStudio2022\winapiProject\winapiProject\Math.cpp(74,18): warning C4244: '=': 'double'에서 'float'(으)로 변환하면서 데이터가 손실될 수 있습니다.
D:\VisualStudio2022\winapiProject\winapiProject\Math.cpp(75,18): warning C4244: '=': 'double'에서 'float'(으)로 변환하면서 데이터가 손실될 수 있습니다.
D:\VisualStudio2022\winapiProject\winapiProject\Math.cpp(166,16): warning C4244: 'return': 'double'에서 'float'(으)로 변환하면서 데이터가 손실될 수 있습니다.
  MoveMap.cpp
D:\VisualStudio2022\winapiProject\winapiProject\MoveMap.cpp(39,32): warning C4244: '인수': 'int'에서 'float'(으)로 변환하면서 데이터가 손실될 수 있습니다.
D:\VisualStudio2022\winapiProject\winapiProject\MoveMap.cpp(39,29): warning C4244: '인수': 'int'에서 'float'(으)로 변환하면서 데이터가 손실될 수 있습니다.
  PlayerScript.cpp
D:\VisualStudio2022\winapiProject\winapiProject\PlayerScript.cpp(63,44): warning C4244: '인수': 'double'에서 'const float'(으)로 변환하면서 데이터가 손실될 수 있습니다.
D:\VisualStudio2022\winapiProject\winapiProject\PlayerScript.cpp(67,44): warning C4244: '인수': 'double'에서 'const float'(으)로 변환하면서 데이터가 손실될 수 있습니다.
D:\VisualStudio2022\winapiProject\winapiProject\PlayerScript.cpp(97,27): warning C4244: '인수': 'int'에서 'float'(으)로 변환하면서 데이터가 손실될 수 있습니다.
D:\VisualStudio2022\winapiProject\winapiProject\PlayerScript.cpp(97,24): warning C4244: '인수': 'int'에서 'float'(으)로 변환하면서 데이터가 손실될 수 있습니다.
D:\VisualStudio2022\winapiProject\winapiProject\PlayerScript.cpp(97,47): warning C4244: '인수': 'int'에서 'const float'(으)로 변환하면서 데이터가 손실될 수 있습니다.
D:\VisualStudio2022\winapiProject\winapiProject\PlayerScript.cpp(97,77): warning C4244: '인수': 'double'에서 'const float'(으)로 변환하면서 데이터가 손실될 수 있습니다.
D:\VisualStudio2022\winapiProject\winapiProject\PlayerScript.cpp(110,18): warning C4244: '인수': 'int'에서 'float'(으)로 변환하면서 데이터가 손실될 수 있습니다.
D:\VisualStudio2022\winapiProject\winapiProject\PlayerScript.cpp(113,18): warning C4244: '인수': 'int'에서 'float'(으)로 변환하면서 데이터가 손실될 수 있습니다.
D:\VisualStudio2022\winapiProject\winapiProject\PlayerScript.cpp(117,18): warning C4244: '인수': 'int'에서 'float'(으)로 변환하면서 데이터가 손실될 수 있습니다.
D:\VisualStudio2022\winapiProject\winapiProject\PlayerScript.cpp(120,18): warning C4244: '인수': 'int'에서 'float'(으)로 변환하면서 데이터가 손실될 수 있습니다.
  PuzzleBoardScript.cpp
  코드를 생성하고 있습니다...
D:\VisualStudio2022\winapiProject\winapiProject\KeyInputComponent.cpp(46): warning C4715: 'KeyInputComponenet::isPressed': 모든 제어 경로에서 값을 반환하지는 않습니다.
D:\VisualStudio2022\winapiProject\winapiProject\GameData.cpp(50): warning C4172: 지역 변수 또는 임시의 주소를 반환하고 있습니다.
D:\VisualStudio2022\winapiProject\winapiProject\E_Component.cpp(24): warning C4715: 'enumCom::conversion': 모든 제어 경로에서 값을 반환하지는 않습니다.
  컴파일하고 있습니다...
  PuzzleDotScript.cpp
  PuzzleEntry.cpp
D:\VisualStudio2022\winapiProject\winapiProject\PuzzleEntry.cpp(60,122): warning C4244: '인수': 'int'에서 'float'(으)로 변환하면서 데이터가 손실될 수 있습니다.
D:\VisualStudio2022\winapiProject\winapiProject\PuzzleEntry.cpp(60,102): warning C4244: '인수': 'int'에서 'float'(으)로 변환하면서 데이터가 손실될 수 있습니다.
  PuzzleExit.cpp
  TestScript.cpp
D:\VisualStudio2022\winapiProject\winapiProject\TestScript.cpp(76,53): warning C4244: '인수': 'int'에서 'float'(으)로 변환하면서 데이터가 손실될 수 있습니다.
D:\VisualStudio2022\winapiProject\winapiProject\TestScript.cpp(76,50): warning C4244: '인수': 'int'에서 'float'(으)로 변환하면서 데이터가 손실될 수 있습니다.
D:\VisualStudio2022\winapiProject\winapiProject\TestScript.cpp(76,73): warning C4244: '인수': 'int'에서 'const float'(으)로 변환하면서 데이터가 손실될 수 있습니다.
  TestScript2.cpp
D:\VisualStudio2022\winapiProject\winapiProject\TestScript2.cpp(115,9): warning C4244: '초기화 중': 'float'에서 'int'(으)로 변환하면서 데이터가 손실될 수 있습니다.
D:\VisualStudio2022\winapiProject\winapiProject\TestScript2.cpp(116,9): warning C4244: '초기화 중': 'float'에서 'int'(으)로 변환하면서 데이터가 손실될 수 있습니다.
D:\VisualStudio2022\winapiProject\winapiProject\TestScript2.cpp(117,9): warning C4244: '초기화 중': 'float'에서 'int'(으)로 변환하면서 데이터가 손실될 수 있습니다.
D:\VisualStudio2022\winapiProject\winapiProject\TestScript2.cpp(118,9): warning C4244: '초기화 중': 'float'에서 'int'(으)로 변환하면서 데이터가 손실될 수 있습니다.
D:\VisualStudio2022\winapiProject\winapiProject\TestScript2.cpp(122,18): warning C4244: '초기화 중': 'double'에서 'float'(으)로 변환하면서 데이터가 손실될 수 있습니다.
D:\VisualStudio2022\winapiProject\winapiProject\TestScript2.cpp(123,18): warning C4244: '초기화 중': 'double'에서 'int'(으)로 변환하면서 데이터가 손실될 수 있습니다.
D:\VisualStudio2022\winapiProject\winapiProject\TestScript2.cpp(128,33): warning C4244: '인수': 'int'에서 'float'(으)로 변환하면서 데이터가 손실될 수 있습니다.
D:\VisualStudio2022\winapiProject\winapiProject\TestScript2.cpp(128,29): warning C4244: '인수': 'int'에서 'float'(으)로 변환하면서 데이터가 손실될 수 있습니다.
D:\VisualStudio2022\winapiProject\winapiProject\TestScript2.cpp(134,29): warning C4244: '인수': 'int'에서 'const float'(으)로 변환하면서 데이터가 손실될 수 있습니다.
  TestScript3.cpp
  TextureComponent.cpp
  TransformComponent.cpp
  UITransformComponent.cpp
  코드를 생성하고 있습니다...
  winapiProject.vcxproj -> D:\VisualStudio2022\winapiProject\x64\Debug\winapiProject.exe
