d:\visualstudio2022\winapiproject\winapiproject\x64\debug\vc143.pdb
d:\visualstudio2022\winapiproject\winapiproject\x64\debug\vc143.idb
d:\visualstudio2022\winapiproject\winapiproject\x64\debug\gameexit.obj
d:\visualstudio2022\winapiproject\winapiproject\x64\debug\gamedata.obj
d:\visualstudio2022\winapiproject\winapiproject\x64\debug\e_sound.obj
d:\visualstudio2022\winapiproject\winapiproject\x64\debug\e_script.obj
d:\visualstudio2022\winapiproject\winapiproject\x64\debug\e_objtype.obj
d:\visualstudio2022\winapiproject\winapiproject\x64\debug\e_component.obj
d:\visualstudio2022\winapiproject\winapiproject\x64\debug\e_bitmap.obj
d:\visualstudio2022\winapiproject\winapiproject\x64\debug\eventstruct2.obj
d:\visualstudio2022\winapiproject\winapiproject\x64\debug\eventstruct.obj
d:\visualstudio2022\winapiproject\winapiproject\x64\debug\eventmap.obj
d:\visualstudio2022\winapiproject\winapiproject\x64\debug\eventlist1.obj
d:\visualstudio2022\winapiproject\winapiproject\x64\debug\eventlist.obj
d:\visualstudio2022\winapiproject\winapiproject\x64\debug\component.obj
d:\visualstudio2022\winapiproject\winapiproject\x64\debug\companentmanager.obj
d:\visualstudio2022\winapiproject\winapiproject\x64\debug\collisonfunction.obj
d:\visualstudio2022\winapiproject\winapiproject\x64\debug\collisoncompoenet.obj
d:\visualstudio2022\winapiproject\winapiproject\x64\debug\cls.obj
d:\visualstudio2022\winapiproject\winapiproject\x64\debug\camera.obj
d:\visualstudio2022\winapiproject\winapiproject\x64\debug\bitmapmanager.obj
d:\visualstudio2022\winapiproject\winapiproject\x64\debug\allobject.obj
d:\visualstudio2022\winapiproject\winapiproject\x64\debug\mybitmap.obj
d:\visualstudio2022\winapiproject\winapiproject\x64\debug\movemap.obj
d:\visualstudio2022\winapiproject\winapiproject\x64\debug\memdc.obj
d:\visualstudio2022\winapiproject\winapiproject\x64\debug\matrix3x3.obj
d:\visualstudio2022\winapiproject\winapiproject\x64\debug\math.obj
d:\visualstudio2022\winapiproject\winapiproject\x64\debug\gameobject.obj
d:\visualstudio2022\winapiproject\winapiproject\x64\debug\main.obj
d:\visualstudio2022\winapiproject\winapiproject\x64\debug\linescript.obj
d:\visualstudio2022\winapiproject\winapiproject\x64\debug\levelloader_script.obj
d:\visualstudio2022\winapiproject\winapiproject\x64\debug\levelloader.obj
d:\visualstudio2022\winapiproject\winapiproject\x64\debug\leveldata.obj
d:\visualstudio2022\winapiproject\winapiproject\x64\debug\keyinputmanager.obj
d:\visualstudio2022\winapiproject\winapiproject\x64\debug\keyinputcomponent.obj
d:\visualstudio2022\winapiproject\winapiproject\x64\debug\keyinputfunction.obj
d:\visualstudio2022\winapiproject\winapiproject\x64\debug\inputmanager.obj
d:\visualstudio2022\winapiproject\winapiproject\x64\debug\inputcomponenet.obj
d:\visualstudio2022\winapiproject\winapiproject\x64\debug\inputfunction.obj
d:\visualstudio2022\winapiproject\winapiproject\x64\debug\gametime.obj
d:\visualstudio2022\winapiproject\winapiproject\x64\debug\gamestart.obj
d:\visualstudio2022\winapiproject\winapiproject\x64\debug\gamemanager.obj
d:\visualstudio2022\winapiproject\winapiproject\x64\debug\transformcomponent.obj
d:\visualstudio2022\winapiproject\winapiproject\x64\debug\texturecomponent.obj
d:\visualstudio2022\winapiproject\winapiproject\x64\debug\textscript.obj
d:\visualstudio2022\winapiproject\winapiproject\x64\debug\textcomponent.obj
d:\visualstudio2022\winapiproject\winapiproject\x64\debug\testscript3.obj
d:\visualstudio2022\winapiproject\winapiproject\x64\debug\testscript2.obj
d:\visualstudio2022\winapiproject\winapiproject\x64\debug\testscript.obj
d:\visualstudio2022\winapiproject\winapiproject\x64\debug\soundmanager.obj
d:\visualstudio2022\winapiproject\winapiproject\x64\debug\singletoncls.obj
d:\visualstudio2022\winapiproject\winapiproject\x64\debug\script.obj
d:\visualstudio2022\winapiproject\winapiproject\x64\debug\screenpoint.obj
d:\visualstudio2022\winapiproject\winapiproject\x64\debug\rect.obj
d:\visualstudio2022\winapiproject\winapiproject\x64\debug\puzzleexit.obj
d:\visualstudio2022\winapiproject\winapiproject\x64\debug\puzzleentry.obj
d:\visualstudio2022\winapiproject\winapiproject\x64\debug\puzzleenemy2.obj
d:\visualstudio2022\winapiproject\winapiproject\x64\debug\puzzleenemy1.obj
d:\visualstudio2022\winapiproject\winapiproject\x64\debug\puzzleboardscript.obj
d:\visualstudio2022\winapiproject\winapiproject\x64\debug\puzzledotscript.obj
d:\visualstudio2022\winapiproject\winapiproject\x64\debug\playerscript.obj
d:\visualstudio2022\winapiproject\winapiproject\x64\debug\ontriggerevent.obj
d:\visualstudio2022\winapiproject\winapiproject\x64\debug\windowmsg.obj
d:\visualstudio2022\winapiproject\winapiproject\x64\debug\vector3.obj
d:\visualstudio2022\winapiproject\winapiproject\x64\debug\vector2.obj
d:\visualstudio2022\winapiproject\winapiproject\x64\debug\updatemanager.obj
d:\visualstudio2022\winapiproject\winapiproject\x64\debug\updatefunction.obj
d:\visualstudio2022\winapiproject\winapiproject\x64\debug\uitransformcomponent.obj
d:\visualstudio2022\winapiproject\winapiproject\x64\debug\ui_hit.obj
d:\visualstudio2022\winapiproject\x64\debug\winapiproject.exe
d:\visualstudio2022\winapiproject\winapiproject\x64\debug\winapiproject.ilk
d:\visualstudio2022\winapiproject\x64\debug\winapiproject.pdb
d:\visualstudio2022\winapiproject\winapiproject\x64\debug\winapiproject.tlog\cl.command.1.tlog
d:\visualstudio2022\winapiproject\winapiproject\x64\debug\winapiproject.tlog\cl.read.1.tlog
d:\visualstudio2022\winapiproject\winapiproject\x64\debug\winapiproject.tlog\cl.write.1.tlog
d:\visualstudio2022\winapiproject\winapiproject\x64\debug\winapiproject.tlog\link.command.1.tlog
d:\visualstudio2022\winapiproject\winapiproject\x64\debug\winapiproject.tlog\link.read.1.tlog
d:\visualstudio2022\winapiproject\winapiproject\x64\debug\winapiproject.tlog\link.write.1.tlog
